<?xml version="1.0" encoding="UTF-8" standalone="yes" ?>
<test-results name="C:\Source\BankOfDelphi\Win32\Debug\BankOfDelphiTests.exe" total="7" errors="0" failures="0" ignored="0" inconclusive="0" not-run="0" skipped="0" invalid="0" date="2020-01-15" time="0.002">
  <culture-info current-culture="en" current-uiculture="en" />
  <test-suite type="Assembly" name="BankOfDelphiTests.exe" executed="true" result="Success" success="True" time="0.002" asserts="0">
    <results>
        <test-suite type="Namespace" name="uBankTests" executed="true" result="Success" success="True" time="0.002" asserts="0" >
          <results>
              <test-suite type="Fixture" name="TBankTest" executed="True" result="Success" success="True" time="0.002" >
                <results>
                  <test-case name="TestCreateAccount.Create valid account" executed="True" result="Success" success="True" time="0.000" asserts="0" />
                  <test-case name="TestCreateAccount.Create valid account" executed="True" result="Success" success="True" time="0.000" asserts="0" />
                  <test-case name="TestCreateAccount.Create valid account" executed="True" result="Success" success="True" time="0.000" asserts="0" />
                  <test-case name="TestInvalidNameRejected" executed="True" result="Success" success="True" time="0.000" asserts="0" />
                  <test-case name="TestDeposit" executed="True" result="Success" success="True" time="0.000" asserts="0" />
                  <test-case name="TestWithdraw" executed="True" result="Success" success="True" time="0.001" asserts="0" />
                  <test-case name="TestMiniStatement" executed="True" result="Success" success="True" time="0.000" asserts="0" />
                </results>
              </test-suite>
          </results>
        </test-suite>
    </results>
  </test-suite>
</test-results>
